lauri@spear:/group/tuominen/TBS-FDG> singularity run --cleanenv --bind $HOME/.cache/templateflow:/group/tuominen/tmp,/group/tuominen/TBS-FDG:/mnt /home/lauri/Documents/xcp_d-0.6.0.simg /mnt/derivatives/iter6s2 mnt/output/ participant --combineruns --nuisance-regressors 36P --min-coverage 0.5 --min-time 100 --dummy-scans 0 --bpf-order 2 --lower-bpf 0.01 --upper-bpf 0.08 --head-radius auto --fd-thresh 0.3 -v
231214-13:55:25,726 nipype.workflow IMPORTANT:
	 Running xcp_d version 0.6.0:
    * fMRI directory path: /mnt/derivatives/iter6s2.
    * Participant list: ['tbsfdg001', 'tbsfdg002', 'tbsfdg004', 'tbsfdg005', 'tbsfdg006', 'tbsfdg007', 'tbsfdg008', 'tbsfdg009', 'tbsfdg010', 'tbsfdg011', 'tbsfdg015', 'tbsfdg019', 'tbsfdg021', 'tbsfdg023', 'tbsfdg031', 'tbsfdg034'].
    * Run identifier: 20231214-135512_0fcfec00-ec30-460c-b430-c580bdc296a9.


231214-13:55:25,902 nipype.workflow INFO:
	 Beginning the xcpd_wf workflow
231214-13:55:26,484 nipype.utils IMPORTANT:
	 Collected data:
anat_brainmask: /mnt/derivatives/iter6s2/sub-tbsfdg001/ses-002/anat/sub-tbsfdg001_ses-002_desc-brain_mask.nii.gz
anat_dseg: /mnt/derivatives/iter6s2/sub-tbsfdg001/ses-002/anat/sub-tbsfdg001_ses-002_dseg.nii.gz
anat_to_template_xfm: /mnt/derivatives/iter6s2/sub-tbsfdg001/ses-002/anat/sub-tbsfdg001_ses-002_from-T1w_to-MNI152NLin6Asym_mode-image_xfm.h5
bold:
- /mnt/derivatives/iter6s2/sub-tbsfdg001/ses-002/func/sub-tbsfdg001_ses-002_task-rest_run-01_space-MNI152NLin6Asym_res-2_desc-preproc_bold.nii.gz
- /mnt/derivatives/iter6s2/sub-tbsfdg001/ses-002/func/sub-tbsfdg001_ses-002_task-rest_run-02_space-MNI152NLin6Asym_res-2_desc-preproc_bold.nii.gz
- /mnt/derivatives/iter6s2/sub-tbsfdg001/ses-002/func/sub-tbsfdg001_ses-002_task-rest_run-03_space-MNI152NLin6Asym_res-2_desc-preproc_bold.nii.gz
t1w: /mnt/derivatives/iter6s2/sub-tbsfdg001/ses-002/anat/sub-tbsfdg001_ses-002_desc-preproc_T1w.nii.gz
t2w: null
template_to_anat_xfm: /mnt/derivatives/iter6s2/sub-tbsfdg001/ses-002/anat/sub-tbsfdg001_ses-002_from-MNI152NLin6Asym_to-T1w_mode-image_xfm.h5

231214-13:55:26,508 nipype.utils INFO:
	 No standard-space surfaces found.
231214-13:55:26,532 nipype.utils INFO:
	 No standard-space surfaces found.
231214-13:55:26,557 nipype.utils INFO:
	 No standard-space surfaces found.
231214-13:55:26,581 nipype.utils INFO:
	 No standard-space surfaces found.
231214-13:55:26,674 nipype.utils IMPORTANT:
	 Collected mesh files:
lh_pial_surf: /mnt/derivatives/iter6s2/sub-tbsfdg001/ses-002/anat/sub-tbsfdg001_ses-002_hemi-L_pial.surf.gii
lh_wm_surf: /mnt/derivatives/iter6s2/sub-tbsfdg001/ses-002/anat/sub-tbsfdg001_ses-002_hemi-L_smoothwm.surf.gii
rh_pial_surf: /mnt/derivatives/iter6s2/sub-tbsfdg001/ses-002/anat/sub-tbsfdg001_ses-002_hemi-R_pial.surf.gii
rh_wm_surf: /mnt/derivatives/iter6s2/sub-tbsfdg001/ses-002/anat/sub-tbsfdg001_ses-002_hemi-R_smoothwm.surf.gii

231214-13:55:26,814 nipype.utils IMPORTANT:
	 Collected morphometry files:
cortical_thickness: null
cortical_thickness_corr: null
myelin: null
myelin_smoothed: null
sulcal_curv: null
sulcal_depth: null

Downloading https://templateflow.s3.amazonaws.com/tpl-MNI152NLin6Asym/tpl-MNI152NLin6Asym_res-01_T1w.nii.gz
 10%|██████████████▋                                                                                                                                           | 1.05M/11.0M [00:00<00:01, 5.06MB/s]
Process Process-2:
Traceback (most recent call last):
  File "/usr/local/miniconda/lib/python3.8/site-packages/templateflow/api.py", line 239, in _s3_get
    f.write(data)
OSError: [Errno 28] No space left on device

During handling of the above exception, another exception occurred:

Traceback (most recent call last):
  File "/usr/local/miniconda/lib/python3.8/multiprocessing/process.py", line 315, in _bootstrap
    self.run()
  File "/usr/local/miniconda/lib/python3.8/multiprocessing/process.py", line 108, in run
    self._target(*self._args, **self._kwargs)
  File "/usr/local/miniconda/lib/python3.8/site-packages/xcp_d/cli/run.py", line 977, in build_workflow
    retval["workflow"] = init_xcpd_wf(
  File "/usr/local/miniconda/lib/python3.8/site-packages/xcp_d/workflows/base.py", line 199, in init_xcpd_wf
    single_subj_wf = init_subject_wf(
  File "/usr/local/miniconda/lib/python3.8/site-packages/xcp_d/workflows/base.py", line 516, in init_subject_wf
    postprocess_anat_wf = init_postprocess_anat_wf(
  File "/usr/local/miniconda/lib/python3.8/site-packages/xcp_d/workflows/anatomical.py", line 139, in init_postprocess_anat_wf
    get_template(template=target_space, cohort=cohort, resolution=1, desc=None, suffix="T1w")
  File "/usr/local/miniconda/lib/python3.8/site-packages/templateflow/conf/__init__.py", line 65, in wrapper
    return func(*args, **kwargs)
  File "/usr/local/miniconda/lib/python3.8/site-packages/templateflow/api.py", line 83, in get
    _s3_get(filepath)
  File "/usr/local/miniconda/lib/python3.8/site-packages/templateflow/api.py", line 240, in _s3_get
    t.update(len(data))
OSError: [Errno 28] No space left on device
